<?xml version="1.0" encoding="UTF-8"?>
<testsuite xmlns:xsi="http://www.w3.org/2001/XMLSchema-instance" xsi:noNamespaceSchemaLocation="https://maven.apache.org/surefire/maven-surefire-plugin/xsd/surefire-test-report-3.0.xsd" version="3.0" name="WordPressCRUDTest" time="5.9" tests="4" errors="0" skipped="0" failures="0">
  <properties>
[...]
</properties>
  <testcase name="createPostTest" classname="WordPressCRUDTest" time="2.418">
    <system-out><![CDATA[Created post ID: 21336
]]></system-out>
    <system-err><![CDATA[SLF4J: Failed to load class "org.slf4j.impl.StaticLoggerBinder".
SLF4J: Defaulting to no-operation (NOP) logger implementation
SLF4J: See http://www.slf4j.org/codes.html#StaticLoggerBinder for further details.
]]></system-err>
  </testcase>
  <testcase name="readPostTest" classname="WordPressCRUDTest" time="1.049"/>
  <testcase name="updatePostTest" classname="WordPressCRUDTest" time="1.068"/>
  <testcase name="deletePostTest" classname="WordPressCRUDTest" time="1.118">
    <system-out><![CDATA[Deleted post ID: 21336
]]></system-out>
  </testcase>
</testsuite>