<?xml version="1.0" encoding="UTF-8"?>
<testsuite xmlns:xsi="http://www.w3.org/2001/XMLSchema-instance" xsi:noNamespaceSchemaLocation="https://maven.apache.org/surefire/maven-surefire-plugin/xsd/surefire-test-report-3.0.xsd" version="3.0" name="CreatePostTest" time="2.598" tests="1" errors="0" skipped="0" failures="0">
  <properties>
[...]
</properties>
  <testcase name="createPostTest" classname="CreatePostTest" time="2.586">
    <system-out><![CDATA[ID:21242
Status:draft
Title:test
Content:test
Date:2025-08-20T23:34:45
Author:1
Link:https://dev.emeli.in.ua/?p=21242
Comment status: open
{"id":21242,"date":"2025-08-20T23:34:45","date_gmt":"2025-08-20T23:34:45","guid":{"rendered":"https:\/\/dev.emeli.in.ua\/?p=21242","raw":"https:\/\/dev.emeli.in.ua\/?p=21242"},"modified":"2025-08-20T23:34:45","modified_gmt":"2025-08-20T23:34:45","password":"","slug":"","status":"draft","type":"post","link":"https:\/\/dev.emeli.in.ua\/?p=21242","title":{"raw":"test","rendered":"test"},"content":{"raw":"test","rendered":"<p>test<\/p>\n","protected":false,"block_version":0},"excerpt":{"raw":"","rendered":"<p>test<\/p>\n","protected":false},"author":1,"featured_media":0,"comment_status":"open","ping_status":"open","sticky":false,"template":"","format":"standard","meta":{"footnotes":""},"categories":[1],"tags":[],"permalink_template":"https:\/\/dev.emeli.in.ua\/news\/%postname%\/html","generated_slug":"test-116","class_list":["post-21242","post","type-post","status-draft","format-standard","hentry","category-news"],"yoast_head":"<!-- This site is optimized with the Yoast SEO plugin v19.4 - https:\/\/yoast.com\/wordpress\/plugins\/seo\/ -->\n<title>test - API Ecommerce<\/title>\n<!-- Admin only notice: this page does not show a meta description because it does not have one, either write it for this page specifically or go into the [SEO - Search Appearance] menu and set up a template. -->\n<meta name=\"robots\" content=\"index, follow, max-snippet:-1, max-image-preview:large, max-video-preview:-1\" \/>\n<link rel=\"canonical\" href=\"https:\/\/dev.emeli.in.ua\/?p=21242\" \/>\n<meta property=\"og:locale\" content=\"en_US\" \/>\n<meta property=\"og:type\" content=\"article\" \/>\n<meta property=\"og:title\" content=\"test - API Ecommerce\" \/>\n<meta property=\"og:description\" content=\"test\" \/>\n<meta property=\"og:url\" content=\"https:\/\/dev.emeli.in.ua\/?p=21242\" \/>\n<meta property=\"og:site_name\" content=\"API Ecommerce\" \/>\n<meta property=\"article:published_time\" content=\"-0001-11-30T00:00:00+00:00\" \/>\n<meta name=\"author\" content=\"admin\" \/>\n<meta name=\"twitter:card\" content=\"summary_large_image\" \/>\n<meta name=\"twitter:label1\" content=\"Written by\" \/>\n\t<meta name=\"twitter:data1\" content=\"admin\" \/>\n<script type=\"application\/ld+json\" class=\"yoast-schema-graph\">{\"@context\":\"https:\/\/schema.org\",\"@graph\":[{\"@type\":\"WebSite\",\"@id\":\"https:\/\/dev.emeli.in.ua\/#website\",\"url\":\"https:\/\/dev.emeli.in.ua\/\",\"name\":\"API Ecommerce\",\"description\":\"\",\"potentialAction\":[{\"@type\":\"SearchAction\",\"target\":{\"@type\":\"EntryPoint\",\"urlTemplate\":\"https:\/\/dev.emeli.in.ua\/?s={search_term_string}\"},\"query-input\":\"required name=search_term_string\"}],\"inLanguage\":\"en-US\"},{\"@type\":\"WebPage\",\"@id\":\"https:\/\/dev.emeli.in.ua\/?p=21242\",\"url\":\"https:\/\/dev.emeli.in.ua\/?p=21242\",\"name\":\"test - API Ecommerce\",\"isPartOf\":{\"@id\":\"https:\/\/dev.emeli.in.ua\/#website\"},\"datePublished\":\"-0001-11-30T00:00:00+00:00\",\"dateModified\":\"-0001-11-30T00:00:00+00:00\",\"author\":{\"@id\":\"https:\/\/dev.emeli.in.ua\/#\/schema\/person\/bb89916873b830900723459d0dd75a1c\"},\"breadcrumb\":{\"@id\":\"https:\/\/dev.emeli.in.ua\/?p=21242#breadcrumb\"},\"inLanguage\":\"en-US\",\"potentialAction\":[{\"@type\":\"ReadAction\",\"target\":[\"https:\/\/dev.emeli.in.ua\/?p=21242\"]}]},{\"@type\":\"BreadcrumbList\",\"@id\":\"https:\/\/dev.emeli.in.ua\/?p=21242#breadcrumb\",\"itemListElement\":[{\"@type\":\"ListItem\",\"position\":1,\"name\":\"\u0413\u043b\u0430\u0432\u043d\u0430\u044f \u0441\u0442\u0440\u0430\u043d\u0438\u0446\u0430\",\"item\":\"https:\/\/dev.emeli.in.ua\/\"},{\"@type\":\"ListItem\",\"position\":2,\"name\":\"test\"}]},{\"@type\":\"Person\",\"@id\":\"https:\/\/dev.emeli.in.ua\/#\/schema\/person\/bb89916873b830900723459d0dd75a1c\",\"name\":\"admin\",\"image\":{\"@type\":\"ImageObject\",\"inLanguage\":\"en-US\",\"@id\":\"https:\/\/dev.emeli.in.ua\/#\/schema\/person\/image\/\",\"url\":\"https:\/\/secure.gravatar.com\/avatar\/e5d4d0a965a0cc3468e7ee377b678f6b?s=96&d=mm&r=g\",\"contentUrl\":\"https:\/\/secure.gravatar.com\/avatar\/e5d4d0a965a0cc3468e7ee377b678f6b?s=96&d=mm&r=g\",\"caption\":\"admin\"}}]}<\/script>\n<!-- \/ Yoast SEO plugin. -->","yoast_head_json":{"title":"test - API Ecommerce","robots":{"index":"index","follow":"follow","max-snippet":"max-snippet:-1","max-image-preview":"max-image-preview:large","max-video-preview":"max-video-preview:-1"},"canonical":"https:\/\/dev.emeli.in.ua\/?p=21242","og_locale":"en_US","og_type":"article","og_title":"test - API Ecommerce","og_description":"test","og_url":"https:\/\/dev.emeli.in.ua\/?p=21242","og_site_name":"API Ecommerce","article_published_time":"-0001-11-30T00:00:00+00:00","author":"admin","twitter_card":"summary_large_image","twitter_misc":{"Written by":"admin"},"schema":{"@context":"https:\/\/schema.org","@graph":[{"@type":"WebSite","@id":"https:\/\/dev.emeli.in.ua\/#website","url":"https:\/\/dev.emeli.in.ua\/","name":"API Ecommerce","description":"","potentialAction":[{"@type":"SearchAction","target":{"@type":"EntryPoint","urlTemplate":"https:\/\/dev.emeli.in.ua\/?s={search_term_string}"},"query-input":"required name=search_term_string"}],"inLanguage":"en-US"},{"@type":"WebPage","@id":"https:\/\/dev.emeli.in.ua\/?p=21242","url":"https:\/\/dev.emeli.in.ua\/?p=21242","name":"test - API Ecommerce","isPartOf":{"@id":"https:\/\/dev.emeli.in.ua\/#website"},"datePublished":"-0001-11-30T00:00:00+00:00","dateModified":"-0001-11-30T00:00:00+00:00","author":{"@id":"https:\/\/dev.emeli.in.ua\/#\/schema\/person\/bb89916873b830900723459d0dd75a1c"},"breadcrumb":{"@id":"https:\/\/dev.emeli.in.ua\/?p=21242#breadcrumb"},"inLanguage":"en-US","potentialAction":[{"@type":"ReadAction","target":["https:\/\/dev.emeli.in.ua\/?p=21242"]}]},{"@type":"BreadcrumbList","@id":"https:\/\/dev.emeli.in.ua\/?p=21242#breadcrumb","itemListElement":[{"@type":"ListItem","position":1,"name":"\u0413\u043b\u0430\u0432\u043d\u0430\u044f \u0441\u0442\u0440\u0430\u043d\u0438\u0446\u0430","item":"https:\/\/dev.emeli.in.ua\/"},{"@type":"ListItem","position":2,"name":"test"}]},{"@type":"Person","@id":"https:\/\/dev.emeli.in.ua\/#\/schema\/person\/bb89916873b830900723459d0dd75a1c","name":"admin","image":{"@type":"ImageObject","inLanguage":"en-US","@id":"https:\/\/dev.emeli.in.ua\/#\/schema\/person\/image\/","url":"https:\/\/secure.gravatar.com\/avatar\/e5d4d0a965a0cc3468e7ee377b678f6b?s=96&d=mm&r=g","contentUrl":"https:\/\/secure.gravatar.com\/avatar\/e5d4d0a965a0cc3468e7ee377b678f6b?s=96&d=mm&r=g","caption":"admin"}}]}},"_links":{"self":[{"href":"https:\/\/dev.emeli.in.ua\/wp-json\/wp\/v2\/posts\/21242"}],"collection":[{"href":"https:\/\/dev.emeli.in.ua\/wp-json\/wp\/v2\/posts"}],"about":[{"href":"https:\/\/dev.emeli.in.ua\/wp-json\/wp\/v2\/types\/post"}],"author":[{"embeddable":true,"href":"https:\/\/dev.emeli.in.ua\/wp-json\/wp\/v2\/users\/1"}],"replies":[{"embeddable":true,"href":"https:\/\/dev.emeli.in.ua\/wp-json\/wp\/v2\/comments?post=21242"}],"version-history":[{"count":0,"href":"https:\/\/dev.emeli.in.ua\/wp-json\/wp\/v2\/posts\/21242\/revisions"}],"wp:attachment":[{"href":"https:\/\/dev.emeli.in.ua\/wp-json\/wp\/v2\/media?parent=21242"}],"wp:term":[{"taxonomy":"category","embeddable":true,"href":"https:\/\/dev.emeli.in.ua\/wp-json\/wp\/v2\/categories?post=21242"},{"taxonomy":"post_tag","embeddable":true,"href":"https:\/\/dev.emeli.in.ua\/wp-json\/wp\/v2\/tags?post=21242"}],"wp:action-publish":[{"href":"https:\/\/dev.emeli.in.ua\/wp-json\/wp\/v2\/posts\/21242"}],"wp:action-unfiltered-html":[{"href":"https:\/\/dev.emeli.in.ua\/wp-json\/wp\/v2\/posts\/21242"}],"wp:action-sticky":[{"href":"https:\/\/dev.emeli.in.ua\/wp-json\/wp\/v2\/posts\/21242"}],"wp:action-assign-author":[{"href":"https:\/\/dev.emeli.in.ua\/wp-json\/wp\/v2\/posts\/21242"}],"wp:action-create-categories":[{"href":"https:\/\/dev.emeli.in.ua\/wp-json\/wp\/v2\/posts\/21242"}],"wp:action-assign-categories":[{"href":"https:\/\/dev.emeli.in.ua\/wp-json\/wp\/v2\/posts\/21242"}],"wp:action-create-tags":[{"href":"https:\/\/dev.emeli.in.ua\/wp-json\/wp\/v2\/posts\/21242"}],"wp:action-assign-tags":[{"href":"https:\/\/dev.emeli.in.ua\/wp-json\/wp\/v2\/posts\/21242"}],"curies":[{"name":"wp","href":"https:\/\/api.w.org\/{rel}","templated":true}]}}
]]></system-out>
  </testcase>
</testsuite>